<?xml version="1.0" encoding="UTF-8"?>
<!-- Generated by org.testng.reporters.JUnitReportReporter -->
<testsuite hostname="W-PF2X53DB" failures="0" tests="1" name="com.orange.LoginTest.LeadTest" time="27.757" errors="0" timestamp="2021-10-03T11:26:49 IST" skipped="0">
  <testcase classname="com.orange.LoginTest.LeadTest" name="LoginTest" time="27.757"/>
  <system-out/>
</testsuite> <!-- com.orange.LoginTest.LeadTest -->
