<?xml version="1.0" encoding="UTF-8"?>
<!-- Generated by org.testng.reporters.JUnitReportReporter -->
<testsuite hostname="W-PF2X53DB" failures="0" tests="1" name="com.orange.TestScripts.LeadTest" time="26.643" errors="0" timestamp="2021-10-03T11:58:51 IST" skipped="0">
  <testcase classname="com.orange.TestScripts.LeadTest" name="LoginTest" time="26.643"/>
  <system-out/>
</testsuite> <!-- com.orange.TestScripts.LeadTest -->
