<?xml version="1.0" encoding="UTF-8"?>
<!-- Generated by org.testng.reporters.JUnitReportReporter -->
<testsuite hostname="W-PF2X53DB" failures="0" tests="1" name="com.orange.LoginTest.LoginTestCase" time="35.074" errors="0" timestamp="2021-09-28T21:14:12 IST" skipped="0">
  <testcase classname="com.orange.LoginTest.LoginTestCase" name="LoginTest" time="35.074"/>
  <system-out/>
</testsuite> <!-- com.orange.LoginTest.LoginTestCase -->
