<?xml version="1.0" encoding="UTF-8"?>
<!-- Generated by org.testng.reporters.JUnitReportReporter -->
<testsuite hostname="W-PF2X53DB" failures="0" tests="1" name="com.orange.TestScripts.LoginTestCase" time="38.790" errors="0" timestamp="2021-10-03T11:58:51 IST" skipped="0">
  <testcase classname="com.orange.TestScripts.LoginTestCase" name="LoginTest" time="38.790"/>
  <system-out/>
</testsuite> <!-- com.orange.TestScripts.LoginTestCase -->
